-- Found ament_cmake: 1.3.12 (/opt/ros/humble/share/ament_cmake/cmake)
-- Override CMake install command with custom implementation using symlinks instead of copying resources
-- Found rclcpp: 16.0.15 (/opt/ros/humble/share/rclcpp/cmake)
-- Found rosidl_generator_c: 3.1.7 (/opt/ros/humble/share/rosidl_generator_c/cmake)
-- Found rosidl_adapter: 3.1.7 (/opt/ros/humble/share/rosidl_adapter/cmake)
-- Found rosidl_generator_cpp: 3.1.7 (/opt/ros/humble/share/rosidl_generator_cpp/cmake)
-- Using all available rosidl_typesupport_c: rosidl_typesupport_fastrtps_c;rosidl_typesupport_introspection_c
-- Using all available rosidl_typesupport_cpp: rosidl_typesupport_fastrtps_cpp;rosidl_typesupport_introspection_cpp
-- Found rmw_implementation_cmake: 6.1.2 (/opt/ros/humble/share/rmw_implementation_cmake/cmake)
-- Found rmw_fastrtps_cpp: 6.2.9 (/opt/ros/humble/share/rmw_fastrtps_cpp/cmake)
-- Using RMW implementation 'rmw_fastrtps_cpp' as default
-- Found rclpy: 3.3.17 (/opt/ros/humble/share/rclpy/cmake)
-- Found sensor_msgs: 4.9.0 (/opt/ros/humble/share/sensor_msgs/cmake)
-- Found visualization_msgs: 4.9.0 (/opt/ros/humble/share/visualization_msgs/cmake)
-- Found std_srvs: 4.9.0 (/opt/ros/humble/share/std_srvs/cmake)
-- Found ament_lint_auto: 0.12.14 (/opt/ros/humble/share/ament_lint_auto/cmake)
-- Added test 'cppcheck' to perform static code analysis on C / C++ code
-- Configured cppcheck include dirs: /home/agathe/Documents/york/fall2025/robotics/project_ros_ws/ydlidar_ros2_ws/src/ydlidar_ros2_driver/src;/home/agathe/Documents/york/fall2025/robotics/project_ros_ws/ydlidar_ros2_ws/src/ydlidar_ros2_driver/ydlidar_ros2_driver
-- Configured cppcheck exclude dirs and/or files: 
-- Added test 'flake8' to check Python code syntax and style conventions
-- Added test 'lint_cmake' to check CMake code style
-- Added test 'pep257' to check Python code against some of the docstring style conventions in PEP 257
-- Added test 'uncrustify' to check C / C++ code style
-- Configured uncrustify additional arguments: 
-- Added test 'xmllint' to check XML markup files
-- Configuring done
-- Generating done
-- Build files have been written to: /home/agathe/Documents/york/fall2025/robotics/project_ros_ws/ydlidar_ros2_ws/build/ydlidar_ros2_driver
[35m[1mConsolidate compiler generated dependencies of target ydlidar_ros2_driver_node[0m
[35m[1mConsolidate compiler generated dependencies of target vertical_driver_node[0m
[35m[1mConsolidate compiler generated dependencies of target horizontal_driver_node[0m
[35m[1mConsolidate compiler generated dependencies of target ydlidar_ros2_driver_client[0m
[  0%] Built target ament_cmake_python_symlink_ydlidar_ros2_driver
[ 25%] Built target ydlidar_ros2_driver_node
[ 50%] Built target ydlidar_ros2_driver_client
[ 75%] Built target vertical_driver_node
[100%] Built target horizontal_driver_node
Traceback (most recent call last):
  File "/home/agathe/Documents/york/fall2025/robotics/project_ros_ws/ydlidar_ros2_ws/build/ydlidar_ros2_driver/ament_cmake_python/ydlidar_ros2_driver/setup.py", line 4, in <module>
    setup(
  File "/home/agathe/.local/lib/python3.10/site-packages/setuptools/__init__.py", line 115, in setup
    return distutils.core.setup(**attrs)
  File "/home/agathe/.local/lib/python3.10/site-packages/setuptools/_distutils/core.py", line 148, in setup
    _setup_distribution = dist = klass(attrs)
  File "/home/agathe/.local/lib/python3.10/site-packages/setuptools/dist.py", line 321, in __init__
    _Distribution.__init__(self, dist_attrs)
  File "/home/agathe/.local/lib/python3.10/site-packages/setuptools/_distutils/dist.py", line 309, in __init__
    self.finalize_options()
  File "/home/agathe/.local/lib/python3.10/site-packages/setuptools/dist.py", line 784, in finalize_options
    ep(self)
  File "/home/agathe/.local/lib/python3.10/site-packages/setuptools/dist.py", line 801, in _finalize_setup_keywords
    for ep in metadata.entry_points(group='distutils.setup_keywords'):
  File "/usr/lib/python3.10/importlib/metadata/__init__.py", line 1021, in entry_points
    return SelectableGroups.load(eps).select(**params)
  File "/usr/lib/python3.10/importlib/metadata/__init__.py", line 459, in load
    ordered = sorted(eps, key=by_group)
  File "/usr/lib/python3.10/importlib/metadata/__init__.py", line 1019, in <genexpr>
    dist.entry_points for dist in unique(distributions())
  File "/usr/lib/python3.10/importlib/metadata/__init__.py", line 631, in entry_points
    return EntryPoints._from_text_for(self.read_text('entry_points.txt'), self)
  File "/usr/lib/python3.10/importlib/metadata/__init__.py", line 927, in read_text
    return self._path.joinpath(filename).read_text(encoding='utf-8')
  File "/usr/lib/python3.10/pathlib.py", line 851, in joinpath
    return self._make_child(args)
  File "/usr/lib/python3.10/pathlib.py", line 616, in _make_child
    drv, root, parts = self._parse_args(args)
  File "/usr/lib/python3.10/pathlib.py", line 587, in _parse_args
    return cls._flavour.parse_parts(parts)
  File "/usr/lib/python3.10/pathlib.py", line 91, in parse_parts
    parsed.reverse()
KeyboardInterrupt
gmake[2]: *** [CMakeFiles/ament_cmake_python_build_ydlidar_ros2_driver_egg.dir/build.make:70: CMakeFiles/ament_cmake_python_build_ydlidar_ros2_driver_egg] Interrupt
gmake[1]: *** [CMakeFiles/Makefile2:276: CMakeFiles/ament_cmake_python_build_ydlidar_ros2_driver_egg.dir/all] Interrupt
gmake: *** [Makefile:146: all] Interrupt
