[0.011s] Invoking command in '/home/agathe/Documents/york/fall2025/robotics/project_ros_ws/ydlidar_ros2_ws/build/ydlidar_ros2_driver': CMAKE_PREFIX_PATH=${CMAKE_PREFIX_PATH}:/home/agathe/Documents/york/fall2025/robotics/project_ros_ws/ydlidar_ros2_ws/install/slam:/home/agathe/Documents/york/fall2025/robotics/project_ros_ws/ydlidar_ros2_ws/install/simulation:/opt/ros/humble /usr/bin/cmake --build /home/agathe/Documents/york/fall2025/robotics/project_ros_ws/ydlidar_ros2_ws/build/ydlidar_ros2_driver -- -j8 -l8
[0.034s] -- Found ament_cmake: 1.3.12 (/opt/ros/humble/share/ament_cmake/cmake)
[0.165s] -- Override CMake install command with custom implementation using symlinks instead of copying resources
[0.174s] -- Found rclcpp: 16.0.15 (/opt/ros/humble/share/rclcpp/cmake)
[0.205s] -- Found rosidl_generator_c: 3.1.7 (/opt/ros/humble/share/rosidl_generator_c/cmake)
[0.207s] -- Found rosidl_adapter: 3.1.7 (/opt/ros/humble/share/rosidl_adapter/cmake)
[0.212s] -- Found rosidl_generator_cpp: 3.1.7 (/opt/ros/humble/share/rosidl_generator_cpp/cmake)
[0.220s] -- Using all available rosidl_typesupport_c: rosidl_typesupport_fastrtps_c;rosidl_typesupport_introspection_c
[0.231s] -- Using all available rosidl_typesupport_cpp: rosidl_typesupport_fastrtps_cpp;rosidl_typesupport_introspection_cpp
[0.257s] -- Found rmw_implementation_cmake: 6.1.2 (/opt/ros/humble/share/rmw_implementation_cmake/cmake)
[0.258s] -- Found rmw_fastrtps_cpp: 6.2.9 (/opt/ros/humble/share/rmw_fastrtps_cpp/cmake)
[0.347s] -- Using RMW implementation 'rmw_fastrtps_cpp' as default
[0.388s] -- Found rclpy: 3.3.17 (/opt/ros/humble/share/rclpy/cmake)
[0.388s] -- Found sensor_msgs: 4.9.0 (/opt/ros/humble/share/sensor_msgs/cmake)
[0.413s] -- Found visualization_msgs: 4.9.0 (/opt/ros/humble/share/visualization_msgs/cmake)
[0.430s] -- Found std_srvs: 4.9.0 (/opt/ros/humble/share/std_srvs/cmake)
[0.499s] -- Found ament_lint_auto: 0.12.14 (/opt/ros/humble/share/ament_lint_auto/cmake)
[0.568s] -- Added test 'cppcheck' to perform static code analysis on C / C++ code
[0.569s] -- Configured cppcheck include dirs: /home/agathe/Documents/york/fall2025/robotics/project_ros_ws/ydlidar_ros2_ws/src/ydlidar_ros2_driver/src;/home/agathe/Documents/york/fall2025/robotics/project_ros_ws/ydlidar_ros2_ws/src/ydlidar_ros2_driver/ydlidar_ros2_driver
[0.569s] -- Configured cppcheck exclude dirs and/or files: 
[0.570s] -- Added test 'flake8' to check Python code syntax and style conventions
[0.571s] -- Added test 'lint_cmake' to check CMake code style
[0.572s] -- Added test 'pep257' to check Python code against some of the docstring style conventions in PEP 257
[0.575s] -- Added test 'uncrustify' to check C / C++ code style
[0.575s] -- Configured uncrustify additional arguments: 
[0.576s] -- Added test 'xmllint' to check XML markup files
[0.577s] -- Configuring done
[0.597s] -- Generating done
[0.608s] -- Build files have been written to: /home/agathe/Documents/york/fall2025/robotics/project_ros_ws/ydlidar_ros2_ws/build/ydlidar_ros2_driver
[0.635s] [35m[1mConsolidate compiler generated dependencies of target ydlidar_ros2_driver_node[0m
[0.636s] [35m[1mConsolidate compiler generated dependencies of target vertical_driver_node[0m
[0.636s] [35m[1mConsolidate compiler generated dependencies of target horizontal_driver_node[0m
[0.636s] [35m[1mConsolidate compiler generated dependencies of target ydlidar_ros2_driver_client[0m
[0.654s] [  0%] Built target ament_cmake_python_symlink_ydlidar_ros2_driver
[0.654s] [ 25%] Built target ydlidar_ros2_driver_node
[0.656s] [ 50%] Built target ydlidar_ros2_driver_client
[0.657s] [ 75%] Built target vertical_driver_node
[0.660s] [100%] Built target horizontal_driver_node
[0.922s] Traceback (most recent call last):
[0.922s]   File "/home/agathe/Documents/york/fall2025/robotics/project_ros_ws/ydlidar_ros2_ws/build/ydlidar_ros2_driver/ament_cmake_python/ydlidar_ros2_driver/setup.py", line 4, in <module>
[0.922s]     setup(
[0.922s]   File "/home/agathe/.local/lib/python3.10/site-packages/setuptools/__init__.py", line 115, in setup
[0.922s]     return distutils.core.setup(**attrs)
[0.922s]   File "/home/agathe/.local/lib/python3.10/site-packages/setuptools/_distutils/core.py", line 148, in setup
[0.922s]     _setup_distribution = dist = klass(attrs)
[0.922s]   File "/home/agathe/.local/lib/python3.10/site-packages/setuptools/dist.py", line 321, in __init__
[0.922s]     _Distribution.__init__(self, dist_attrs)
[0.922s]   File "/home/agathe/.local/lib/python3.10/site-packages/setuptools/_distutils/dist.py", line 309, in __init__
[0.923s]     self.finalize_options()
[0.923s]   File "/home/agathe/.local/lib/python3.10/site-packages/setuptools/dist.py", line 784, in finalize_options
[0.923s]     ep(self)
[0.923s]   File "/home/agathe/.local/lib/python3.10/site-packages/setuptools/dist.py", line 801, in _finalize_setup_keywords
[0.923s]     for ep in metadata.entry_points(group='distutils.setup_keywords'):
[0.924s]   File "/usr/lib/python3.10/importlib/metadata/__init__.py", line 1021, in entry_points
[0.924s]     return SelectableGroups.load(eps).select(**params)
[0.924s]   File "/usr/lib/python3.10/importlib/metadata/__init__.py", line 459, in load
[0.924s]     ordered = sorted(eps, key=by_group)
[0.924s]   File "/usr/lib/python3.10/importlib/metadata/__init__.py", line 1019, in <genexpr>
[0.925s]     dist.entry_points for dist in unique(distributions())
[0.925s]   File "/usr/lib/python3.10/importlib/metadata/__init__.py", line 631, in entry_points
[0.925s]     return EntryPoints._from_text_for(self.read_text('entry_points.txt'), self)
[0.925s]   File "/usr/lib/python3.10/importlib/metadata/__init__.py", line 927, in read_text
[0.925s]     return self._path.joinpath(filename).read_text(encoding='utf-8')
[0.925s]   File "/usr/lib/python3.10/pathlib.py", line 851, in joinpath
[0.925s]     return self._make_child(args)
[0.925s]   File "/usr/lib/python3.10/pathlib.py", line 616, in _make_child
[0.925s]     drv, root, parts = self._parse_args(args)
[0.925s]   File "/usr/lib/python3.10/pathlib.py", line 587, in _parse_args
[0.925s]     return cls._flavour.parse_parts(parts)
[0.925s]   File "/usr/lib/python3.10/pathlib.py", line 91, in parse_parts
[0.925s]     parsed.reverse()
[0.926s] KeyboardInterrupt
[0.952s] gmake[2]: *** [CMakeFiles/ament_cmake_python_build_ydlidar_ros2_driver_egg.dir/build.make:70: CMakeFiles/ament_cmake_python_build_ydlidar_ros2_driver_egg] Interrupt
[0.952s] gmake[1]: *** [CMakeFiles/Makefile2:276: CMakeFiles/ament_cmake_python_build_ydlidar_ros2_driver_egg.dir/all] Interrupt
[0.952s] gmake: *** [Makefile:146: all] Interrupt
